2020-04-01T08:17:37+00:00 CRITICAL Uncaught Error: Call to undefined method WP_Post::post_date() in C:\OSPanel\domains\shop1-woo-cream.local\wp-content\themes\cream\woocommerce\archive-product.php:276
Stack trace:
#0 C:\OSPanel\domains\shop1-woo-cream.local\wp-includes\template-loader.php(98): include()
#1 C:\OSPanel\domains\shop1-woo-cream.local\wp-blog-header.php(19): require_once('C:\\OSPanel\\doma...')
#2 C:\OSPanel\domains\shop1-woo-cream.local\index.php(17): require('C:\\OSPanel\\doma...')
#3 {main}
  thrown in C:\OSPanel\domains\shop1-woo-cream.local\wp-content\themes\cream\woocommerce\archive-product.php on line 276

2020-04-01T08:17:49+00:00 CRITICAL Uncaught Error: Call to undefined method WP_Post::post_date() in C:\OSPanel\domains\shop1-woo-cream.local\wp-content\themes\cream\woocommerce\archive-product.php:276
Stack trace:
#0 C:\OSPanel\domains\shop1-woo-cream.local\wp-includes\template-loader.php(98): include()
#1 C:\OSPanel\domains\shop1-woo-cream.local\wp-blog-header.php(19): require_once('C:\\OSPanel\\doma...')
#2 C:\OSPanel\domains\shop1-woo-cream.local\index.php(17): require('C:\\OSPanel\\doma...')
#3 {main}
  thrown in C:\OSPanel\domains\shop1-woo-cream.local\wp-content\themes\cream\woocommerce\archive-product.php on line 276

2020-04-01T08:17:53+00:00 CRITICAL Uncaught Error: Call to undefined method WP_Post::post_date() in C:\OSPanel\domains\shop1-woo-cream.local\wp-content\themes\cream\woocommerce\archive-product.php:276
Stack trace:
#0 C:\OSPanel\domains\shop1-woo-cream.local\wp-includes\template-loader.php(98): include()
#1 C:\OSPanel\domains\shop1-woo-cream.local\wp-blog-header.php(19): require_once('C:\\OSPanel\\doma...')
#2 C:\OSPanel\domains\shop1-woo-cream.local\index.php(17): require('C:\\OSPanel\\doma...')
#3 {main}
  thrown in C:\OSPanel\domains\shop1-woo-cream.local\wp-content\themes\cream\woocommerce\archive-product.php on line 276

2020-04-01T08:17:54+00:00 CRITICAL Uncaught Error: Call to undefined method WP_Post::post_date() in C:\OSPanel\domains\shop1-woo-cream.local\wp-content\themes\cream\woocommerce\archive-product.php:276
Stack trace:
#0 C:\OSPanel\domains\shop1-woo-cream.local\wp-includes\template-loader.php(98): include()
#1 C:\OSPanel\domains\shop1-woo-cream.local\wp-blog-header.php(19): require_once('C:\\OSPanel\\doma...')
#2 C:\OSPanel\domains\shop1-woo-cream.local\index.php(17): require('C:\\OSPanel\\doma...')
#3 {main}
  thrown in C:\OSPanel\domains\shop1-woo-cream.local\wp-content\themes\cream\woocommerce\archive-product.php on line 276

2020-04-01T11:57:10+00:00 CRITICAL Out of memory (allocated 10485760) (tried to allocate 32768 bytes) in C:\OSPanel\domains\shop1-woo-cream.local\wp-content\plugins\woocommerce\includes\class-wc-form-handler.php on line 624

